<?xml version="1.0" encoding="UTF-8"?>
<testng-results skipped="0" failed="0" ignored="0" total="1" passed="1">
  <reporter-output>
  </reporter-output>
  <suite name="Default suite" duration-ms="701" started-at="2020-12-29T21:46:08Z" finished-at="2020-12-29T21:46:09Z">
    <groups>
    </groups>
    <test name="Default test" duration-ms="701" started-at="2020-12-29T21:46:08Z" finished-at="2020-12-29T21:46:09Z">
      <class name="utilities.ExcelUtil">
        <test-method status="PASS" signature="dataMap1()[pri:0, instance:utilities.ExcelUtil@4f7d0008]" name="dataMap1" duration-ms="670" started-at="2020-12-29T21:46:08Z" finished-at="2020-12-29T21:46:09Z">
          <reporter-output>
          </reporter-output>
        </test-method> <!-- dataMap1 -->
      </class> <!-- utilities.ExcelUtil -->
    </test> <!-- Default test -->
  </suite> <!-- Default suite -->
</testng-results>
