<?xml version="1.0" encoding="UTF-8"?>
<testng-results skipped="0" failed="0" ignored="0" total="0" passed="0">
  <reporter-output>
  </reporter-output>
  <suite name="Default suite" duration-ms="195" started-at="2021-01-11T00:06:37Z" finished-at="2021-01-11T00:06:37Z">
    <groups>
      <group name="cucumber">
        <method signature="AbstractTestNGCucumberTests.runScenario(io.cucumber.testng.PickleWrapper, io.cucumber.testng.FeatureWrapper)[pri:0, instance:runner.runner_TestNG@6c3708b3]" name="runScenario" class="io.cucumber.testng.AbstractTestNGCucumberTests"/>
      </group> <!-- cucumber -->
    </groups>
    <test name="Default test" duration-ms="195" started-at="2021-01-11T00:06:37Z" finished-at="2021-01-11T00:06:37Z">
      <class name="runner.runner_TestNG">
        <test-method status="FAIL" signature="setUpClass()[pri:0, instance:runner.runner_TestNG@6c3708b3]" name="setUpClass" is-config="true" duration-ms="150" started-at="2021-01-11T00:06:37Z" finished-at="2021-01-11T00:06:37Z">
          <exception class="java.lang.AbstractMethodError">
            <message>
              <![CDATA[io.cucumber.testng.TestNGCucumberOptionsProvider$TestNGCucumberOptions.tags()[Ljava/lang/String;]]>
            </message>
            <full-stacktrace>
              <![CDATA[java.lang.AbstractMethodError: io.cucumber.testng.TestNGCucumberOptionsProvider$TestNGCucumberOptions.tags()[Ljava/lang/String;
at io.cucumber.core.options.CucumberOptionsAnnotationParser.addTags(CucumberOptionsAnnotationParser.java:95)
at io.cucumber.core.options.CucumberOptionsAnnotationParser.parse(CucumberOptionsAnnotationParser.java:56)
at io.cucumber.testng.TestNGCucumberRunner.<init>(TestNGCucumberRunner.java:73)
at io.cucumber.testng.AbstractTestNGCucumberTests.setUpClass(AbstractTestNGCucumberTests.java:23)
at sun.reflect.NativeMethodAccessorImpl.invoke0(Native Method)
at sun.reflect.NativeMethodAccessorImpl.invoke(NativeMethodAccessorImpl.java:62)
at sun.reflect.DelegatingMethodAccessorImpl.invoke(DelegatingMethodAccessorImpl.java:43)
at java.lang.reflect.Method.invoke(Method.java:498)
at org.testng.internal.MethodInvocationHelper.invokeMethod(MethodInvocationHelper.java:124)
at org.testng.internal.MethodInvocationHelper.invokeMethodConsideringTimeout(MethodInvocationHelper.java:59)
at org.testng.internal.Invoker.invokeConfigurationMethod(Invoker.java:458)
at org.testng.internal.Invoker.invokeConfigurations(Invoker.java:222)
at org.testng.internal.Invoker.invokeConfigurations(Invoker.java:142)
at org.testng.internal.TestMethodWorker.invokeBeforeClassMethods(TestMethodWorker.java:168)
at org.testng.internal.TestMethodWorker.run(TestMethodWorker.java:105)
at org.testng.TestRunner.privateRun(TestRunner.java:648)
at org.testng.TestRunner.run(TestRunner.java:505)
at org.testng.SuiteRunner.runTest(SuiteRunner.java:455)
at org.testng.SuiteRunner.runSequentially(SuiteRunner.java:450)
at org.testng.SuiteRunner.privateRun(SuiteRunner.java:415)
at org.testng.SuiteRunner.run(SuiteRunner.java:364)
at org.testng.SuiteRunnerWorker.runSuite(SuiteRunnerWorker.java:52)
at org.testng.SuiteRunnerWorker.run(SuiteRunnerWorker.java:84)
at org.testng.TestNG.runSuitesSequentially(TestNG.java:1208)
at org.testng.TestNG.runSuitesLocally(TestNG.java:1137)
at org.testng.TestNG.runSuites(TestNG.java:1049)
at org.testng.TestNG.run(TestNG.java:1017)
at org.testng.remote.AbstractRemoteTestNG.run(AbstractRemoteTestNG.java:115)
at org.testng.remote.RemoteTestNG.initAndRun(RemoteTestNG.java:251)
at org.testng.remote.RemoteTestNG.main(RemoteTestNG.java:77)
]]>
            </full-stacktrace>
          </exception> <!-- java.lang.AbstractMethodError -->
          <reporter-output>
          </reporter-output>
        </test-method> <!-- setUpClass -->
        <test-method status="SKIP" signature="before()[pri:0, instance:runner.runner_TestNG@6c3708b3]" name="before" is-config="true" duration-ms="0" started-at="2021-01-11T00:06:37Z" finished-at="2021-01-11T00:06:37Z">
          <reporter-output>
          </reporter-output>
        </test-method> <!-- before -->
        <test-method status="SKIP" signature="writeReport()[pri:0, instance:runner.runner_TestNG@6c3708b3]" name="writeReport" is-config="true" duration-ms="0" started-at="2021-01-11T00:06:37Z" finished-at="2021-01-11T00:06:37Z">
          <reporter-output>
          </reporter-output>
        </test-method> <!-- writeReport -->
        <test-method status="PASS" signature="tearDownClass()[pri:0, instance:runner.runner_TestNG@6c3708b3]" name="tearDownClass" is-config="true" duration-ms="1" started-at="2021-01-11T00:06:37Z" finished-at="2021-01-11T00:06:37Z">
          <reporter-output>
          </reporter-output>
        </test-method> <!-- tearDownClass -->
      </class> <!-- runner.runner_TestNG -->
    </test> <!-- Default test -->
  </suite> <!-- Default suite -->
</testng-results>
